This is pdfTeX, Version 3.14159265-2.6-1.40.20 (TeX Live 2019/Debian) (preloaded format=pdflatex 2021.3.3)  12 MAR 2021 20:23
entering extended mode
 restricted \write18 enabled.
 %&-line parsing enabled.
**report.tex
(./report.tex
LaTeX2e <2020-02-02> patch level 2
L3 programming layer <2020-02-14>
(/usr/share/texlive/texmf-dist/tex/latex/base/article.cls
Document Class: article 2019/12/20 v1.4l Standard LaTeX document class
(/usr/share/texlive/texmf-dist/tex/latex/base/size12.clo
File: size12.clo 2019/12/20 v1.4l Standard LaTeX file (size option)
)
\c@part=\count167
\c@section=\count168
\c@subsection=\count169
\c@subsubsection=\count170
\c@paragraph=\count171
\c@subparagraph=\count172
\c@figure=\count173
\c@table=\count174
\abovecaptionskip=\skip47
\belowcaptionskip=\skip48
\bibindent=\dimen134
)
(/usr/share/texlive/texmf-dist/tex/latex/natbib/natbib.sty
Package: natbib 2010/09/13 8.31b (PWD, AO)
\bibhang=\skip49
\bibsep=\skip50
LaTeX Info: Redefining \cite on input line 694.
\c@NAT@ctr=\count175
)
(/usr/share/texlive/texmf-dist/tex/latex/setspace/setspace.sty
Package: setspace 2011/12/19 v6.7a set line spacing
)
(/usr/share/texlive/texmf-dist/tex/latex/amsmath/amsmath.sty
Package: amsmath 2020/01/20 v2.17e AMS math features
\@mathmargin=\skip51

For additional information on amsmath, use the `?' option.
(/usr/share/texlive/texmf-dist/tex/latex/amsmath/amstext.sty
Package: amstext 2000/06/29 v2.01 AMS text

(/usr/share/texlive/texmf-dist/tex/latex/amsmath/amsgen.sty
File: amsgen.sty 1999/11/30 v2.0 generic functions
\@emptytoks=\toks14
\ex@=\dimen135
))
(/usr/share/texlive/texmf-dist/tex/latex/amsmath/amsbsy.sty
Package: amsbsy 1999/11/29 v1.2d Bold Symbols
\pmbraise@=\dimen136
)
(/usr/share/texlive/texmf-dist/tex/latex/amsmath/amsopn.sty
Package: amsopn 2016/03/08 v2.02 operator names
)
\inf@bad=\count176
LaTeX Info: Redefining \frac on input line 227.
\uproot@=\count177
\leftroot@=\count178
LaTeX Info: Redefining \overline on input line 389.
\classnum@=\count179
\DOTSCASE@=\count180
LaTeX Info: Redefining \ldots on input line 486.
LaTeX Info: Redefining \dots on input line 489.
LaTeX Info: Redefining \cdots on input line 610.
\Mathstrutbox@=\box45
\strutbox@=\box46
\big@size=\dimen137
LaTeX Font Info:    Redeclaring font encoding OML on input line 733.
LaTeX Font Info:    Redeclaring font encoding OMS on input line 734.
\macc@depth=\count181
\c@MaxMatrixCols=\count182
\dotsspace@=\muskip16
\c@parentequation=\count183
\dspbrk@lvl=\count184
\tag@help=\toks15
\row@=\count185
\column@=\count186
\maxfields@=\count187
\andhelp@=\toks16
\eqnshift@=\dimen138
\alignsep@=\dimen139
\tagshift@=\dimen140
\tagwidth@=\dimen141
\totwidth@=\dimen142
\lineht@=\dimen143
\@envbody=\toks17
\multlinegap=\skip52
\multlinetaggap=\skip53
\mathdisplay@stack=\toks18
LaTeX Info: Redefining \[ on input line 2859.
LaTeX Info: Redefining \] on input line 2860.
)
(/usr/share/texlive/texmf-dist/tex/latex/graphics/graphicx.sty
Package: graphicx 2019/11/30 v1.2a Enhanced LaTeX Graphics (DPC,SPQR)

(/usr/share/texlive/texmf-dist/tex/latex/graphics/keyval.sty
Package: keyval 2014/10/28 v1.15 key=value parser (DPC)
\KV@toks@=\toks19
)
(/usr/share/texlive/texmf-dist/tex/latex/graphics/graphics.sty
Package: graphics 2019/11/30 v1.4a Standard LaTeX Graphics (DPC,SPQR)

(/usr/share/texlive/texmf-dist/tex/latex/graphics/trig.sty
Package: trig 2016/01/03 v1.10 sin cos tan (DPC)
)
(/usr/share/texlive/texmf-dist/tex/latex/graphics-cfg/graphics.cfg
File: graphics.cfg 2016/06/04 v1.11 sample graphics configuration
)
Package graphics Info: Driver file: pdftex.def on input line 105.

(/usr/share/texlive/texmf-dist/tex/latex/graphics-def/pdftex.def
File: pdftex.def 2018/01/08 v1.0l Graphics/color driver for pdftex
))
\Gin@req@height=\dimen144
\Gin@req@width=\dimen145
)
(/usr/share/texlive/texmf-dist/tex/latex/float/float.sty
Package: float 2001/11/08 v1.3d Float enhancements (AL)
\c@float@type=\count188
\float@exts=\toks20
\float@box=\box47
\@float@everytoks=\toks21
\@floatcapt=\box48
)
(/usr/share/texlive/texmf-dist/tex/latex/booktabs/booktabs.sty
Package: booktabs 2020/01/12 v1.61803398 Publication quality tables
\heavyrulewidth=\dimen146
\lightrulewidth=\dimen147
\cmidrulewidth=\dimen148
\belowrulesep=\dimen149
\belowbottomsep=\dimen150
\aboverulesep=\dimen151
\abovetopsep=\dimen152
\cmidrulesep=\dimen153
\cmidrulekern=\dimen154
\defaultaddspace=\dimen155
\@cmidla=\count189
\@cmidlb=\count190
\@aboverulesep=\dimen156
\@belowrulesep=\dimen157
\@thisruleclass=\count191
\@lastruleclass=\count192
\@thisrulewidth=\dimen158
)
(/usr/share/texlive/texmf-dist/tex/latex/caption/caption.sty
Package: caption 2020/01/03 v3.4h Customizing captions (AR)

(/usr/share/texlive/texmf-dist/tex/latex/caption/caption3.sty
Package: caption3 2020/01/03 v1.8h caption3 kernel (AR)
Package caption3 Info: TeX engine: e-TeX on input line 61.
\captionmargin=\dimen159
\captionmargin@=\dimen160
\captionwidth=\dimen161
\caption@tempdima=\dimen162
\caption@indent=\dimen163
\caption@parindent=\dimen164
\caption@hangindent=\dimen165
Package caption Info: Standard document class detected.
)
\c@caption@flags=\count193
\c@continuedfloat=\count194
Package caption Info: float package is loaded.
)
(/usr/share/texlive/texmf-dist/tex/latex/appendix/appendix.sty
Package: appendix 2020/02/08 v1.2c extra appendix facilities
\c@@pps=\count195
\c@@ppsavesec=\count196
\c@@ppsaveapp=\count197
)
(/usr/share/texlive/texmf-dist/tex/latex/l3backend/l3backend-pdfmode.def
File: l3backend-pdfmode.def 2020-02-03 L3 backend support: PDF mode
\l__kernel_color_stack_int=\count198
\l__pdf_internal_box=\box49
)
(./report.aux)
\openout1 = `report.aux'.

LaTeX Font Info:    Checking defaults for OML/cmm/m/it on input line 11.
LaTeX Font Info:    ... okay on input line 11.
LaTeX Font Info:    Checking defaults for OMS/cmsy/m/n on input line 11.
LaTeX Font Info:    ... okay on input line 11.
LaTeX Font Info:    Checking defaults for OT1/cmr/m/n on input line 11.
LaTeX Font Info:    ... okay on input line 11.
LaTeX Font Info:    Checking defaults for T1/cmr/m/n on input line 11.
LaTeX Font Info:    ... okay on input line 11.
LaTeX Font Info:    Checking defaults for TS1/cmr/m/n on input line 11.
LaTeX Font Info:    ... okay on input line 11.
LaTeX Font Info:    Checking defaults for OMX/cmex/m/n on input line 11.
LaTeX Font Info:    ... okay on input line 11.
LaTeX Font Info:    Checking defaults for U/cmr/m/n on input line 11.
LaTeX Font Info:    ... okay on input line 11.

(/usr/share/texlive/texmf-dist/tex/context/base/mkii/supp-pdf.mkii
[Loading MPS to PDF converter (version 2006.09.02).]
\scratchcounter=\count199
\scratchdimen=\dimen166
\scratchbox=\box50
\nofMPsegments=\count266
\nofMParguments=\count267
\everyMPshowfont=\toks22
\MPscratchCnt=\count268
\MPscratchDim=\dimen167
\MPnumerator=\count269
\makeMPintoPDFobject=\count270
\everyMPtoPDFconversion=\toks23
) (/usr/share/texlive/texmf-dist/tex/latex/epstopdf-pkg/epstopdf-base.sty
Package: epstopdf-base 2020-01-24 v2.11 Base part for package epstopdf

(/usr/share/texlive/texmf-dist/tex/generic/infwarerr/infwarerr.sty
Package: infwarerr 2019/12/03 v1.5 Providing info/warning/error messages (HO)
)
(/usr/share/texlive/texmf-dist/tex/latex/grfext/grfext.sty
Package: grfext 2019/12/03 v1.3 Manage graphics extensions (HO)

(/usr/share/texlive/texmf-dist/tex/generic/kvdefinekeys/kvdefinekeys.sty
Package: kvdefinekeys 2019-12-19 v1.6 Define keys (HO)
))
(/usr/share/texlive/texmf-dist/tex/latex/kvoptions/kvoptions.sty
Package: kvoptions 2019/11/29 v3.13 Key value format for package options (HO)

(/usr/share/texlive/texmf-dist/tex/generic/ltxcmds/ltxcmds.sty
Package: ltxcmds 2019/12/15 v1.24 LaTeX kernel commands for general use (HO)
)
(/usr/share/texlive/texmf-dist/tex/generic/kvsetkeys/kvsetkeys.sty
Package: kvsetkeys 2019/12/15 v1.18 Key value parser (HO)
))
(/usr/share/texlive/texmf-dist/tex/latex/pdftexcmds/pdftexcmds.sty
Package: pdftexcmds 2019/11/24 v0.31 Utility functions of pdfTeX for LuaTeX (HO
)

(/usr/share/texlive/texmf-dist/tex/generic/iftex/iftex.sty
Package: iftex 2019/11/07 v1.0c TeX engine tests
)
Package pdftexcmds Info: \pdf@primitive is available.
Package pdftexcmds Info: \pdf@ifprimitive is available.
Package pdftexcmds Info: \pdfdraftmode found.
)
Package epstopdf-base Info: Redefining graphics rule for `.eps' on input line 4
85.
Package grfext Info: Graphics extension search list:
(grfext)             [.pdf,.png,.jpg,.mps,.jpeg,.jbig2,.jb2,.PDF,.PNG,.JPG,.JPE
G,.JBIG2,.JB2,.eps]
(grfext)             \AppendGraphicsExtensions on input line 504.

(/usr/share/texlive/texmf-dist/tex/latex/latexconfig/epstopdf-sys.cfg
File: epstopdf-sys.cfg 2010/07/13 v1.3 Configuration of (r)epstopdf for TeX Liv
e
))
Package caption Info: Begin \AtBeginDocument code.
Package caption Info: End \AtBeginDocument code.
<uzh_logo_e_pos.pdf, id=1, 154.5775pt x 49.18375pt>
File: uzh_logo_e_pos.pdf Graphic file (type pdf)
<use uzh_logo_e_pos.pdf>
Package pdftex.def Info: uzh_logo_e_pos.pdf  used on input line 14.
(pdftex.def)             Requested size: 142.26378pt x 45.26984pt.

Overfull \hbox (297.66513pt too wide) in paragraph at lines 14--18
[] \OT1/cmr/bx/n/12 De-part-ment of Eco-nomics []
 []

[1

{/var/lib/texmf/fonts/map/pdftex/updmap/pdftex.map} <./uzh_logo_e_pos.pdf>]
[1] (../output/tables/stats.txt)
<../output/figures/ts_CPI.pdf, id=17, 1156.32pt x 650.43pt>
File: ../output/figures/ts_CPI.pdf Graphic file (type pdf)
<use ../output/figures/ts_CPI.pdf>
Package pdftex.def Info: ../output/figures/ts_CPI.pdf  used on input line 61.
(pdftex.def)             Requested size: 390.0pt x 219.36674pt.
<../output/figures/ts_IP.pdf, id=18, 1156.32pt x 867.24pt>
File: ../output/figures/ts_IP.pdf Graphic file (type pdf)
<use ../output/figures/ts_IP.pdf>
Package pdftex.def Info: ../output/figures/ts_IP.pdf  used on input line 68.
(pdftex.def)             Requested size: 390.0pt x 292.489pt.
 [2]

LaTeX Warning: Text page 3 contains only floats.

[3 <../output/figures/ts_CPI.pdf> <../output/figures/ts_IP.pdf

pdfTeX warning: pdflatex (file ../output/figures/ts_IP.pdf): PDF inclusion: mul
tiple pdfs with page group included in a single page
>] [4] [5] (../output/tables/C1.txt)
<../output/figures/IR.pdf, id=68, 1156.32pt x 867.24pt>
File: ../output/figures/IR.pdf Graphic file (type pdf)
<use ../output/figures/IR.pdf>
Package pdftex.def Info: ../output/figures/IR.pdf  used on input line 194.
(pdftex.def)             Requested size: 390.0pt x 292.489pt.


LaTeX Warning: `h' float specifier changed to `ht'.

<../output/figures/FEVD.pdf, id=69, 1156.32pt x 867.24pt>
File: ../output/figures/FEVD.pdf Graphic file (type pdf)
<use ../output/figures/FEVD.pdf>
Package pdftex.def Info: ../output/figures/FEVD.pdf  used on input line 201.
(pdftex.def)             Requested size: 390.0pt x 292.489pt.
[6]
Overfull \vbox (52.47797pt too high) has occurred while \output is active []


[7 <../output/figures/IR.pdf> <../output/figures/FEVD.pdf

pdfTeX warning: pdflatex (file ../output/figures/FEVD.pdf): PDF inclusion: mult
iple pdfs with page group included in a single page
>] [8] (../output/tables/yearly_data.txt) [9] (./report.bbl) [10] (./report.aux
) ) 
Here is how much of TeX's memory you used:
 4033 strings out of 483183
 61305 string characters out of 5966293
 298595 words of memory out of 5000000
 18990 multiletter control sequences out of 15000+600000
 538870 words of font info for 46 fonts, out of 8000000 for 9000
 14 hyphenation exceptions out of 8191
 41i,22n,42p,783b,266s stack positions out of 5000i,500n,10000p,200000b,80000s
{/usr/share/texmf/fonts/enc/dvips/cm-super/cm-super-ts1.enc}</usr/share/texl
ive/texmf-dist/fonts/type1/public/amsfonts/cm/cmbx12.pfb></usr/share/texlive/te
xmf-dist/fonts/type1/public/amsfonts/cm/cmbx8.pfb></usr/share/texlive/texmf-dis
t/fonts/type1/public/amsfonts/cm/cmex10.pfb></usr/share/texlive/texmf-dist/font
s/type1/public/amsfonts/cm/cmmi12.pfb></usr/share/texlive/texmf-dist/fonts/type
1/public/amsfonts/cm/cmmi8.pfb></usr/share/texlive/texmf-dist/fonts/type1/publi
c/amsfonts/cm/cmr12.pfb></usr/share/texlive/texmf-dist/fonts/type1/public/amsfo
nts/cm/cmr17.pfb></usr/share/texlive/texmf-dist/fonts/type1/public/amsfonts/cm/
cmr8.pfb></usr/share/texlive/texmf-dist/fonts/type1/public/amsfonts/cm/cmsy10.p
fb></usr/share/texlive/texmf-dist/fonts/type1/public/amsfonts/cm/cmsy8.pfb></us
r/share/texlive/texmf-dist/fonts/type1/public/amsfonts/cm/cmti12.pfb></usr/shar
e/texmf/fonts/type1/public/cm-super/sfrm1200.pfb></usr/share/texlive/texmf-dist
/fonts/type1/urw/helvetic/uhvr8a.pfb>
Output written on report.pdf (11 pages, 311583 bytes).
PDF statistics:
 160 PDF objects out of 1000 (max. 8388607)
 126 compressed objects within 2 object streams
 0 named destinations out of 1000 (max. 500000)
 26 words of extra memory for PDF output out of 10000 (max. 10000000)

